<?xml version="1.0" encoding="UTF-8"?>
<testng-results ignored="0" total="1" passed="1" failed="0" skipped="0">
  <reporter-output>
  </reporter-output>
  <suite started-at="2023-03-02T15:30:50 IST" name="Default suite" finished-at="2023-03-02T15:30:56 IST" duration-ms="6334">
    <groups>
    </groups>
    <test started-at="2023-03-02T15:30:50 IST" name="Default test" finished-at="2023-03-02T15:30:56 IST" duration-ms="6334">
      <class name="com.VaccineLedger.testcases.SignUp">
        <test-method signature="verifySignup()[pri:0, instance:com.VaccineLedger.testcases.SignUp@429bffaa]" started-at="2023-03-02T15:30:50 IST" name="verifySignup" finished-at="2023-03-02T15:30:56 IST" duration-ms="6288" status="PASS">
          <reporter-output>
          </reporter-output>
        </test-method> <!-- verifySignup -->
      </class> <!-- com.VaccineLedger.testcases.SignUp -->
    </test> <!-- Default test -->
  </suite> <!-- Default suite -->
</testng-results>
